<?xml version="1.0" encoding="UTF-8"?>
<testsuite xmlns:xsi="http://www.w3.org/2001/XMLSchema-instance" xsi:noNamespaceSchemaLocation="https://maven.apache.org/surefire/maven-surefire-plugin/xsd/surefire-test-report-3.0.xsd" version="3.0" name="com.example.tennis.game.TennisTest" time="0.231" tests="33" errors="0" skipped="0" failures="0">
  <properties>
    <property name="java.specification.version" value="18"/>
    <property name="sun.cpu.isalist" value="amd64"/>
    <property name="sun.jnu.encoding" value="Cp1252"/>
    <property name="java.class.path" value="c:\Users\sahar\sahar-notebook\tennis-game\target\test-classes;c:\Users\sahar\sahar-notebook\tennis-game\target\classes;C:\Users\sahar\.m2\repository\org\junit\jupiter\junit-jupiter\5.11.0\junit-jupiter-5.11.0.jar;C:\Users\sahar\.m2\repository\org\junit\jupiter\junit-jupiter-api\5.11.0\junit-jupiter-api-5.11.0.jar;C:\Users\sahar\.m2\repository\org\opentest4j\opentest4j\1.3.0\opentest4j-1.3.0.jar;C:\Users\sahar\.m2\repository\org\junit\platform\junit-platform-commons\1.11.0\junit-platform-commons-1.11.0.jar;C:\Users\sahar\.m2\repository\org\apiguardian\apiguardian-api\1.1.2\apiguardian-api-1.1.2.jar;C:\Users\sahar\.m2\repository\org\junit\jupiter\junit-jupiter-params\5.11.0\junit-jupiter-params-5.11.0.jar;C:\Users\sahar\.m2\repository\org\junit\jupiter\junit-jupiter-engine\5.11.0\junit-jupiter-engine-5.11.0.jar;C:\Users\sahar\.m2\repository\org\junit\platform\junit-platform-engine\1.11.0\junit-platform-engine-1.11.0.jar;C:\Users\sahar\.m2\repository\org\assertj\assertj-core\3.26.0\assertj-core-3.26.0.jar;C:\Users\sahar\.m2\repository\net\bytebuddy\byte-buddy\1.14.16\byte-buddy-1.14.16.jar;"/>
    <property name="java.vm.vendor" value="Oracle Corporation"/>
    <property name="sun.arch.data.model" value="64"/>
    <property name="user.variant" value=""/>
    <property name="java.vendor.url" value="https://java.oracle.com/"/>
    <property name="user.timezone" value="Asia/Tehran"/>
    <property name="os.name" value="Windows 11"/>
    <property name="java.vm.specification.version" value="18"/>
    <property name="sun.java.launcher" value="SUN_STANDARD"/>
    <property name="user.country" value="US"/>
    <property name="sun.boot.library.path" value="C:\Program Files\Java\jdk-18.0.2.1\bin"/>
    <property name="sun.java.command" value="C:\Users\sahar\AppData\Local\Temp\surefire5135801733397420897\surefirebooter-20241227222556082_3.jar C:\Users\sahar\AppData\Local\Temp\surefire5135801733397420897 2024-12-27T22-25-49_030-jvmRun1 surefire-20241227222556082_1tmp surefire_0-20241227222556082_2tmp"/>
    <property name="jdk.debug" value="release"/>
    <property name="surefire.test.class.path" value="c:\Users\sahar\sahar-notebook\tennis-game\target\test-classes;c:\Users\sahar\sahar-notebook\tennis-game\target\classes;C:\Users\sahar\.m2\repository\org\junit\jupiter\junit-jupiter\5.11.0\junit-jupiter-5.11.0.jar;C:\Users\sahar\.m2\repository\org\junit\jupiter\junit-jupiter-api\5.11.0\junit-jupiter-api-5.11.0.jar;C:\Users\sahar\.m2\repository\org\opentest4j\opentest4j\1.3.0\opentest4j-1.3.0.jar;C:\Users\sahar\.m2\repository\org\junit\platform\junit-platform-commons\1.11.0\junit-platform-commons-1.11.0.jar;C:\Users\sahar\.m2\repository\org\apiguardian\apiguardian-api\1.1.2\apiguardian-api-1.1.2.jar;C:\Users\sahar\.m2\repository\org\junit\jupiter\junit-jupiter-params\5.11.0\junit-jupiter-params-5.11.0.jar;C:\Users\sahar\.m2\repository\org\junit\jupiter\junit-jupiter-engine\5.11.0\junit-jupiter-engine-5.11.0.jar;C:\Users\sahar\.m2\repository\org\junit\platform\junit-platform-engine\1.11.0\junit-platform-engine-1.11.0.jar;C:\Users\sahar\.m2\repository\org\assertj\assertj-core\3.26.0\assertj-core-3.26.0.jar;C:\Users\sahar\.m2\repository\net\bytebuddy\byte-buddy\1.14.16\byte-buddy-1.14.16.jar;"/>
    <property name="sun.cpu.endian" value="little"/>
    <property name="user.home" value="C:\Users\sahar"/>
    <property name="user.language" value="en"/>
    <property name="java.specification.vendor" value="Oracle Corporation"/>
    <property name="java.version.date" value="2022-08-18"/>
    <property name="java.home" value="C:\Program Files\Java\jdk-18.0.2.1"/>
    <property name="file.separator" value="\"/>
    <property name="basedir" value="c:\Users\sahar\sahar-notebook\tennis-game"/>
    <property name="java.vm.compressedOopsMode" value="Zero based"/>
    <property name="line.separator" value="&#10;"/>
    <property name="java.vm.specification.vendor" value="Oracle Corporation"/>
    <property name="java.specification.name" value="Java Platform API Specification"/>
    <property name="surefire.real.class.path" value="C:\Users\sahar\AppData\Local\Temp\surefire5135801733397420897\surefirebooter-20241227222556082_3.jar"/>
    <property name="user.script" value=""/>
    <property name="sun.management.compiler" value="HotSpot 64-Bit Tiered Compilers"/>
    <property name="java.runtime.version" value="18.0.2.1+1-1"/>
    <property name="user.name" value="sahar"/>
    <property name="path.separator" value=";"/>
    <property name="os.version" value="10.0"/>
    <property name="java.runtime.name" value="Java(TM) SE Runtime Environment"/>
    <property name="file.encoding" value="UTF-8"/>
    <property name="java.vm.name" value="Java HotSpot(TM) 64-Bit Server VM"/>
    <property name="localRepository" value="C:\Users\sahar\.m2\repository"/>
    <property name="java.vendor.url.bug" value="https://bugreport.java.com/bugreport/"/>
    <property name="java.io.tmpdir" value="C:\Users\sahar\AppData\Local\Temp\"/>
    <property name="java.version" value="18.0.2.1"/>
    <property name="user.dir" value="c:\Users\sahar\sahar-notebook\tennis-game"/>
    <property name="os.arch" value="amd64"/>
    <property name="java.vm.specification.name" value="Java Virtual Machine Specification"/>
    <property name="sun.os.patch.level" value=""/>
    <property name="native.encoding" value="Cp1252"/>
    <property name="java.library.path" value="C:\Program Files\Java\jdk-18.0.2.1\bin;C:\WINDOWS\Sun\Java\bin;C:\WINDOWS\system32;C:\WINDOWS;C:\Program Files\Common Files\Oracle\Java\javapath;C:\WINDOWS\system32;C:\WINDOWS;C:\WINDOWS\System32\Wbem;C:\WINDOWS\System32\WindowsPowerShell\v1.0\;C:\WINDOWS\System32\OpenSSH\;C:\Program Files\Git\cmd;C:\Program Files\Git\bin;C:\Program Files\Maven\apache-maven-3.9.9\bin;C:\Program Files\Java\jdk-18.0.2.1\bin;C:\Program Files\dotnet\;C:\Users\sahar\AppData\Local\Microsoft\WindowsApps;C:\Program Files\JetBrains\IntelliJ IDEA 2024.2.3\bin;;C:\Program Files\JetBrains\IntelliJ IDEA Community Edition 2024.2.4\bin;;C:\Users\sahar\AppData\Local\Programs\Microsoft VS Code\bin;."/>
    <property name="java.vm.info" value="mixed mode, sharing"/>
    <property name="java.vendor" value="Oracle Corporation"/>
    <property name="java.vm.version" value="18.0.2.1+1-1"/>
    <property name="sun.io.unicode.encoding" value="UnicodeLittle"/>
    <property name="java.class.version" value="62.0"/>
  </properties>
  <testcase name="checkAllScoresTennisGame1(int, int, String)[1]" classname="com.example.tennis.game.TennisTest" time="0.055"/>
  <testcase name="checkAllScoresTennisGame1(int, int, String)[2]" classname="com.example.tennis.game.TennisTest" time="0.002"/>
  <testcase name="checkAllScoresTennisGame1(int, int, String)[3]" classname="com.example.tennis.game.TennisTest" time="0.0"/>
  <testcase name="checkAllScoresTennisGame1(int, int, String)[4]" classname="com.example.tennis.game.TennisTest" time="0.0"/>
  <testcase name="checkAllScoresTennisGame1(int, int, String)[5]" classname="com.example.tennis.game.TennisTest" time="0.003"/>
  <testcase name="checkAllScoresTennisGame1(int, int, String)[6]" classname="com.example.tennis.game.TennisTest" time="0.002"/>
  <testcase name="checkAllScoresTennisGame1(int, int, String)[7]" classname="com.example.tennis.game.TennisTest" time="0.0"/>
  <testcase name="checkAllScoresTennisGame1(int, int, String)[8]" classname="com.example.tennis.game.TennisTest" time="0.0"/>
  <testcase name="checkAllScoresTennisGame1(int, int, String)[9]" classname="com.example.tennis.game.TennisTest" time="0.002"/>
  <testcase name="checkAllScoresTennisGame1(int, int, String)[10]" classname="com.example.tennis.game.TennisTest" time="0.001"/>
  <testcase name="checkAllScoresTennisGame1(int, int, String)[11]" classname="com.example.tennis.game.TennisTest" time="0.0"/>
  <testcase name="checkAllScoresTennisGame1(int, int, String)[12]" classname="com.example.tennis.game.TennisTest" time="0.006"/>
  <testcase name="checkAllScoresTennisGame1(int, int, String)[13]" classname="com.example.tennis.game.TennisTest" time="0.0"/>
  <testcase name="checkAllScoresTennisGame1(int, int, String)[14]" classname="com.example.tennis.game.TennisTest" time="0.001"/>
  <testcase name="checkAllScoresTennisGame1(int, int, String)[15]" classname="com.example.tennis.game.TennisTest" time="0.0"/>
  <testcase name="checkAllScoresTennisGame1(int, int, String)[16]" classname="com.example.tennis.game.TennisTest" time="0.003"/>
  <testcase name="checkAllScoresTennisGame1(int, int, String)[17]" classname="com.example.tennis.game.TennisTest" time="0.002"/>
  <testcase name="checkAllScoresTennisGame1(int, int, String)[18]" classname="com.example.tennis.game.TennisTest" time="0.002"/>
  <testcase name="checkAllScoresTennisGame1(int, int, String)[19]" classname="com.example.tennis.game.TennisTest" time="0.0"/>
  <testcase name="checkAllScoresTennisGame1(int, int, String)[20]" classname="com.example.tennis.game.TennisTest" time="0.0"/>
  <testcase name="checkAllScoresTennisGame1(int, int, String)[21]" classname="com.example.tennis.game.TennisTest" time="0.0"/>
  <testcase name="checkAllScoresTennisGame1(int, int, String)[22]" classname="com.example.tennis.game.TennisTest" time="0.001"/>
  <testcase name="checkAllScoresTennisGame1(int, int, String)[23]" classname="com.example.tennis.game.TennisTest" time="0.001"/>
  <testcase name="checkAllScoresTennisGame1(int, int, String)[24]" classname="com.example.tennis.game.TennisTest" time="0.0"/>
  <testcase name="checkAllScoresTennisGame1(int, int, String)[25]" classname="com.example.tennis.game.TennisTest" time="0.002"/>
  <testcase name="checkAllScoresTennisGame1(int, int, String)[26]" classname="com.example.tennis.game.TennisTest" time="0.0"/>
  <testcase name="checkAllScoresTennisGame1(int, int, String)[27]" classname="com.example.tennis.game.TennisTest" time="0.003"/>
  <testcase name="checkAllScoresTennisGame1(int, int, String)[28]" classname="com.example.tennis.game.TennisTest" time="0.0"/>
  <testcase name="checkAllScoresTennisGame1(int, int, String)[29]" classname="com.example.tennis.game.TennisTest" time="0.002"/>
  <testcase name="checkAllScoresTennisGame1(int, int, String)[30]" classname="com.example.tennis.game.TennisTest" time="0.003"/>
  <testcase name="checkAllScoresTennisGame1(int, int, String)[31]" classname="com.example.tennis.game.TennisTest" time="0.003"/>
  <testcase name="checkAllScoresTennisGame1(int, int, String)[32]" classname="com.example.tennis.game.TennisTest" time="0.0"/>
  <testcase name="checkAllScoresTennisGame1(int, int, String)[33]" classname="com.example.tennis.game.TennisTest" time="0.002"/>
</testsuite>